[    78.758] (--) Log file renamed from "/home/ubuntu/.local/share/xorg/Xorg.pid-2220.log" to "/home/ubuntu/.local/share/xorg/Xorg.0.log"
[    78.791] 
X.Org X Server 1.21.1.7
X Protocol Version 11, Revision 0
[    78.791] Current Operating System: Linux ubuntu 6.5.0-9-generic #9-Ubuntu SMP PREEMPT_DYNAMIC Sat Oct  7 01:35:40 UTC 2023 x86_64
[    78.791] Kernel command line: BOOT_IMAGE=/casper/vmlinuz layerfs-path=minimal.standard.live.squashfs --- quiet splash
[    78.791] xorg-server 2:21.1.7-3ubuntu2 (For technical support please see http://www.ubuntu.com/support) 
[    78.792] Current version of pixman: 0.42.2
[    78.792] 	Before reporting problems, check http://wiki.x.org
	to make sure that you have the latest version.
[    78.792] Markers: (--) probed, (**) from config file, (==) default setting,
	(++) from command line, (!!) notice, (II) informational,
	(WW) warning, (EE) error, (NI) not implemented, (??) unknown.
[    78.792] (==) Log file: "/home/ubuntu/.local/share/xorg/Xorg.0.log", Time: Thu Nov 16 19:09:38 2023
[    78.854] (==) Using system config directory "/usr/share/X11/xorg.conf.d"
[    78.859] (==) No Layout section.  Using the first Screen section.
[    78.859] (==) No screen section available. Using defaults.
[    78.859] (**) |-->Screen "Default Screen Section" (0)
[    78.859] (**) |   |-->Monitor "<default monitor>"
[    78.859] (==) No monitor specified for screen "Default Screen Section".
	Using a default monitor configuration.
[    78.859] (==) Automatically adding devices
[    78.859] (==) Automatically enabling devices
[    78.859] (==) Automatically adding GPU devices
[    78.859] (==) Automatically binding GPU devices
[    78.859] (==) Max clients allowed: 256, resource mask: 0x1fffff
[    78.861] (WW) The directory "/usr/share/fonts/X11/cyrillic" does not exist.
[    78.861] 	Entry deleted from font path.
[    78.861] (WW) The directory "/usr/share/fonts/X11/100dpi/" does not exist.
[    78.861] 	Entry deleted from font path.
[    78.861] (WW) The directory "/usr/share/fonts/X11/75dpi/" does not exist.
[    78.861] 	Entry deleted from font path.
[    78.861] (WW) The directory "/usr/share/fonts/X11/100dpi" does not exist.
[    78.861] 	Entry deleted from font path.
[    78.861] (WW) The directory "/usr/share/fonts/X11/75dpi" does not exist.
[    78.861] 	Entry deleted from font path.
[    78.861] (==) FontPath set to:
	/usr/share/fonts/X11/misc,
	/usr/share/fonts/X11/Type1,
	built-ins
[    78.861] (==) ModulePath set to "/usr/lib/xorg/modules"
[    78.861] (II) The server relies on udev to provide the list of input devices.
	If no devices become available, reconfigure udev or disable AutoAddDevices.
[    78.861] (II) Loader magic: 0x562132a59020
[    78.861] (II) Module ABI versions:
[    78.861] 	X.Org ANSI C Emulation: 0.4
[    78.861] 	X.Org Video Driver: 25.2
[    78.861] 	X.Org XInput driver : 24.4
[    78.861] 	X.Org Server Extension : 10.0
[    78.863] (++) using VT number 2

[    78.888] (II) systemd-logind: took control of session /org/freedesktop/login1/session/_31
[    78.890] (II) xfree86: Adding drm device (/dev/dri/card0)
[    78.890] (II) Platform probe for /sys/devices/pci0000:00/0000:00:02.0/drm/card0
[    78.891] (II) systemd-logind: got fd for /dev/dri/card0 226:0 fd 14 paused 0
[    78.900] (--) PCI:*(0@0:2:0) 15ad:0405:15ad:0405 rev 0, Mem @ 0xe0000000/67108864, 0xf0000000/2097152, I/O @ 0x0000d010/16, BIOS @ 0x????????/131072
[    78.901] (II) LoadModule: "glx"
[    78.922] (II) Loading /usr/lib/xorg/modules/extensions/libglx.so
[    79.203] (II) Module glx: vendor="X.Org Foundation"
[    79.203] 	compiled for 1.21.1.7, module version = 1.0.0
[    79.203] 	ABI class: X.Org Server Extension, version 10.0
[    79.203] (==) Matched vmware as autoconfigured driver 0
[    79.203] (==) Matched modesetting as autoconfigured driver 1
[    79.203] (==) Matched fbdev as autoconfigured driver 2
[    79.203] (==) Matched vesa as autoconfigured driver 3
[    79.203] (==) Assigned the driver to the xf86ConfigLayout
[    79.203] (II) LoadModule: "vmware"
[    79.230] (II) Loading /usr/lib/xorg/modules/drivers/vmware_drv.so
[    85.197] (II) Module vmware: vendor="X.Org Foundation"
[    85.197] 	compiled for 1.21.1.4, module version = 13.3.0
[    85.197] 	Module class: X.Org Video Driver
[    85.197] 	ABI class: X.Org Video Driver, version 25.2
[    85.197] (II) LoadModule: "modesetting"
[    85.199] (II) Loading /usr/lib/xorg/modules/drivers/modesetting_drv.so
[    85.209] (II) Module modesetting: vendor="X.Org Foundation"
[    85.209] 	compiled for 1.21.1.7, module version = 1.21.1
[    85.209] 	Module class: X.Org Video Driver
[    85.209] 	ABI class: X.Org Video Driver, version 25.2
[    85.209] (II) LoadModule: "fbdev"
[    85.209] (II) Loading /usr/lib/xorg/modules/drivers/fbdev_drv.so
[    85.213] (II) Module fbdev: vendor="X.Org Foundation"
[    85.213] 	compiled for 1.21.1.3, module version = 0.5.0
[    85.213] 	Module class: X.Org Video Driver
[    85.213] 	ABI class: X.Org Video Driver, version 25.2
[    85.213] (II) LoadModule: "vesa"
[    85.213] (II) Loading /usr/lib/xorg/modules/drivers/vesa_drv.so
[    85.222] (II) Module vesa: vendor="X.Org Foundation"
[    85.222] 	compiled for 1.21.1.3, module version = 2.5.0
[    85.222] 	Module class: X.Org Video Driver
[    85.222] 	ABI class: X.Org Video Driver, version 25.2
[    85.222] (II) vmware: driver for VMware SVGA: vmware0405, vmware0710
[    85.222] (II) modesetting: Driver for Modesetting Kernel Drivers: kms
[    85.222] (II) FBDEV: driver for framebuffer: fbdev
[    85.222] (II) VESA: driver for VESA chipsets: vesa
[    85.222] xf86EnableIO: failed to enable I/O ports 0000-03ff (Operation not permitted)
[    85.222] (WW) Falling back to old probe method for modesetting
[    85.222] (WW) Falling back to old probe method for fbdev
[    85.222] (II) Loading sub module "fbdevhw"
[    85.223] (II) LoadModule: "fbdevhw"
[    85.229] (II) Loading /usr/lib/xorg/modules/libfbdevhw.so
[    85.237] (II) Module fbdevhw: vendor="X.Org Foundation"
[    85.237] 	compiled for 1.21.1.7, module version = 0.0.2
[    85.237] 	ABI class: X.Org Video Driver, version 25.2
[    85.247] (EE) open /dev/fb0: Permission denied
[    85.247] (WW) VGA arbiter: cannot open kernel arbiter, no multi-card support
[    85.247] (II) vmware(0): Creating default Display subsection in Screen section
	"Default Screen Section" for depth/fbbpp 24/32
[    85.247] (--) vmware(0): DRM driver version is 2.20.0
[    85.247] (==) vmware(0): Depth 24, (--) framebuffer bpp 32
[    85.247] (==) vmware(0): RGB weight 888
[    85.247] (==) vmware(0): Default visual is TrueColor
[    85.247] (--) vmware(0): Min width 1, Max Width 8192.
[    85.247] (--) vmware(0): Min height 1, Max Height 8192.
[    85.254] (II) vmware(0): Output Virtual1 has no monitor section
[    85.254] (II) vmware(0): Output Virtual2 has no monitor section
[    85.254] (II) vmware(0): Output Virtual3 has no monitor section
[    85.255] (II) vmware(0): Output Virtual4 has no monitor section
[    85.255] (II) vmware(0): Output Virtual5 has no monitor section
[    85.255] (II) vmware(0): Output Virtual6 has no monitor section
[    85.255] (II) vmware(0): Output Virtual7 has no monitor section
[    85.255] (II) vmware(0): Output Virtual8 has no monitor section
[    85.255] (II) vmware(0): Printing probed modes for output Virtual1
[    85.255] (II) vmware(0): Modeline "1280x800"x60.0   81.51  1280 1330 1380 1430  800 850 900 950 -hsync +vsync (57.0 kHz eP)
[    85.255] (II) vmware(0): Modeline "3840x2400"x60.0  592.25  3840 3888 3920 4000  2400 2403 2409 2469 +hsync -vsync (148.1 kHz e)
[    85.255] (II) vmware(0): Modeline "3840x2160"x60.0  533.00  3840 3888 3920 4000  2160 2163 2168 2222 +hsync -vsync (133.2 kHz e)
[    85.255] (II) vmware(0): Modeline "2880x1800"x59.9  337.50  2880 2928 2960 3040  1800 1803 1809 1852 +hsync -vsync (111.0 kHz e)
[    85.256] (II) vmware(0): Modeline "2560x1600"x60.0  348.50  2560 2752 3032 3504  1600 1603 1609 1658 -hsync +vsync (99.5 kHz e)
[    85.256] (II) vmware(0): Modeline "2560x1440"x60.0  241.50  2560 2608 2640 2720  1440 1443 1448 1481 +hsync -vsync (88.8 kHz e)
[    85.256] (II) vmware(0): Modeline "1920x1440"x60.0  234.00  1920 2048 2256 2600  1440 1441 1444 1500 -hsync +vsync (90.0 kHz e)
[    85.256] (II) vmware(0): Modeline "1856x1392"x60.0  218.25  1856 1952 2176 2528  1392 1393 1396 1439 -hsync +vsync (86.3 kHz e)
[    85.256] (II) vmware(0): Modeline "1792x1344"x60.0  204.75  1792 1920 2120 2448  1344 1345 1348 1394 -hsync +vsync (83.6 kHz e)
[    85.256] (II) vmware(0): Modeline "1920x1200"x59.9  193.25  1920 2056 2256 2592  1200 1203 1209 1245 -hsync +vsync (74.6 kHz e)
[    85.256] (II) vmware(0): Modeline "1920x1080"x60.0  173.00  1920 2048 2248 2576  1080 1083 1088 1120 -hsync +vsync (67.2 kHz e)
[    85.256] (II) vmware(0): Modeline "1600x1200"x60.0  162.00  1600 1664 1856 2160  1200 1201 1204 1250 +hsync +vsync (75.0 kHz e)
[    85.256] (II) vmware(0): Modeline "1680x1050"x60.0  146.25  1680 1784 1960 2240  1050 1053 1059 1089 -hsync +vsync (65.3 kHz e)
[    85.256] (II) vmware(0): Modeline "1400x1050"x60.0  121.75  1400 1488 1632 1864  1050 1053 1057 1089 -hsync +vsync (65.3 kHz e)
[    85.256] (II) vmware(0): Modeline "1280x1024"x60.0  108.00  1280 1328 1440 1688  1024 1025 1028 1066 +hsync +vsync (64.0 kHz e)
[    85.256] (II) vmware(0): Modeline "1440x900"x59.9  106.50  1440 1520 1672 1904  900 903 909 934 -hsync +vsync (55.9 kHz e)
[    85.256] (II) vmware(0): Modeline "1280x960"x60.0  108.00  1280 1376 1488 1800  960 961 964 1000 +hsync +vsync (60.0 kHz e)
[    85.256] (II) vmware(0): Modeline "1360x768"x60.0   85.50  1360 1424 1536 1792  768 771 777 795 +hsync +vsync (47.7 kHz e)
[    85.256] (II) vmware(0): Modeline "1280x800"x59.8   83.50  1280 1352 1480 1680  800 803 809 831 +hsync -vsync (49.7 kHz e)
[    85.256] (II) vmware(0): Modeline "1152x864"x75.0  108.00  1152 1216 1344 1600  864 865 868 900 +hsync +vsync (67.5 kHz e)
[    85.256] (II) vmware(0): Modeline "1280x768"x59.9   79.50  1280 1344 1472 1664  768 771 778 798 -hsync +vsync (47.8 kHz e)
[    85.256] (II) vmware(0): Modeline "1280x720"x59.9   74.50  1280 1344 1472 1664  720 723 728 748 -hsync +vsync (44.8 kHz e)
[    85.256] (II) vmware(0): Modeline "1024x768"x60.0   65.00  1024 1048 1184 1344  768 771 777 806 -hsync -vsync (48.4 kHz e)
[    85.256] (II) vmware(0): Modeline "800x600"x60.3   40.00  800 840 968 1056  600 601 605 628 +hsync +vsync (37.9 kHz e)
[    85.256] (II) vmware(0): Modeline "640x480"x59.9   25.18  640 656 752 800  480 489 492 525 -hsync -vsync (31.5 kHz e)
[    85.256] (II) vmware(0): EDID for output Virtual2
[    85.256] (II) vmware(0): EDID for output Virtual3
[    85.256] (II) vmware(0): EDID for output Virtual4
[    85.256] (II) vmware(0): EDID for output Virtual5
[    85.256] (II) vmware(0): EDID for output Virtual6
[    85.256] (II) vmware(0): EDID for output Virtual7
[    85.256] (II) vmware(0): EDID for output Virtual8
[    85.256] (II) vmware(0): Output Virtual1 connected
[    85.256] (II) vmware(0): Output Virtual2 disconnected
[    85.256] (II) vmware(0): Output Virtual3 disconnected
[    85.256] (II) vmware(0): Output Virtual4 disconnected
[    85.256] (II) vmware(0): Output Virtual5 disconnected
[    85.256] (II) vmware(0): Output Virtual6 disconnected
[    85.256] (II) vmware(0): Output Virtual7 disconnected
[    85.256] (II) vmware(0): Output Virtual8 disconnected
[    85.256] (II) vmware(0): Using exact sizes for initial modes
[    85.256] (II) vmware(0): Output Virtual1 using initial mode 1280x800 +0+0
[    85.256] (==) vmware(0): DPI set to (96, 96)
[    85.256] (==) vmware(0): Using gamma correction (1.0, 1.0, 1.0)
[    85.256] (II) Loading sub module "fb"
[    85.256] (II) LoadModule: "fb"
[    85.256] (II) Module "fb" already built-in
[    85.256] (II) Loading sub module "dri2"
[    85.256] (II) LoadModule: "dri2"
[    85.256] (II) Module "dri2" already built-in
[    85.256] (II) Loading sub module "dri3"
[    85.256] (II) LoadModule: "dri3"
[    85.256] (II) Module "dri3" already built-in
[    85.256] (II) UnloadModule: "modesetting"
[    85.256] (II) Unloading modesetting
[    85.256] (II) UnloadModule: "fbdev"
[    85.256] (II) Unloading fbdev
[    85.256] (II) UnloadSubModule: "fbdevhw"
[    85.256] (II) Unloading fbdevhw
[    85.256] (II) UnloadModule: "vesa"
[    85.256] (II) Unloading vesa
[    85.275] (II) vmware(0): Initialized VMWARE_CTRL extension version 0.2
[    85.355] (WW) vmware(0): Failed to initialize Gallium3D Xa. No render acceleration available.
[    85.355] (WW) vmware(0): Skipped initialization of direct rendering due to lack of render acceleration.
[    85.355] (--) vmware(0): Render acceleration is disabled.
[    85.355] (==) vmware(0): Rendercheck mode is disabled.
[    85.355] (--) vmware(0): Direct rendering (DRI2 3D) is disabled.
[    85.355] (--) vmware(0): Direct rendering (DRI3 3D) is disabled.
[    85.355] (==) vmware(0): Backing store enabled
[    85.355] (==) vmware(0): Silken mouse enabled
[    85.356] (==) vmware(0): DPMS enabled
[    85.356] (II) vmware(0): No 3D acceleration. Not setting up textured video.
[    85.356] (WW) vmware(0): Disabling Xv because no adaptors could be initialized.
[    85.356] (II) Initializing extension Generic Event Extension
[    85.356] (II) Initializing extension SHAPE
[    85.356] (II) Initializing extension MIT-SHM
[    85.356] (II) Initializing extension XInputExtension
[    85.356] (II) Initializing extension XTEST
[    85.358] (II) Initializing extension BIG-REQUESTS
[    85.358] (II) Initializing extension SYNC
[    85.358] (II) Initializing extension XKEYBOARD
[    85.358] (II) Initializing extension XC-MISC
[    85.358] (II) Initializing extension SECURITY
[    85.358] (II) Initializing extension XFIXES
[    85.358] (II) Initializing extension RENDER
[    85.359] (II) Initializing extension RANDR
[    85.359] (II) Initializing extension COMPOSITE
[    85.360] (II) Initializing extension DAMAGE
[    85.360] (II) Initializing extension MIT-SCREEN-SAVER
[    85.360] (II) Initializing extension DOUBLE-BUFFER
[    85.360] (II) Initializing extension RECORD
[    85.360] (II) Initializing extension DPMS
[    85.360] (II) Initializing extension Present
[    85.361] (II) Initializing extension DRI3
[    85.361] (II) Initializing extension X-Resource
[    85.361] (II) Initializing extension XVideo
[    85.361] (II) Initializing extension XVideo-MotionCompensation
[    85.361] (II) Initializing extension SELinux
[    85.361] (II) SELinux: Disabled on system
[    85.361] (II) Initializing extension GLX
[    85.361] (II) AIGLX: Screen 0 is not DRI2 capable
[    85.848] (II) IGLX: Loaded and initialized swrast
[    85.848] (II) GLX: Initialized DRISWRAST GL provider for screen 0
[    85.848] (II) Initializing extension XFree86-VidModeExtension
[    85.848] (II) Initializing extension XFree86-DGA
[    85.848] (II) Initializing extension XFree86-DRI
[    85.848] (II) Initializing extension DRI2
[    85.881] (II) vmware(0): Setting screen physical size to 338 x 211
[    86.137] (II) config/udev: Adding input device Power Button (/dev/input/event0)
[    86.137] (**) Power Button: Applying InputClass "libinput keyboard catchall"
[    86.137] (II) LoadModule: "libinput"
[    86.137] (II) Loading /usr/lib/xorg/modules/input/libinput_drv.so
[    86.187] (II) Module libinput: vendor="X.Org Foundation"
[    86.187] 	compiled for 1.21.1.7, module version = 1.3.0
[    86.187] 	Module class: X.Org XInput Driver
[    86.187] 	ABI class: X.Org XInput driver, version 24.4
[    86.187] (II) Using input driver 'libinput' for 'Power Button'
[    86.190] (II) systemd-logind: got fd for /dev/input/event0 13:64 fd 22 paused 0
[    86.190] (**) Power Button: always reports core events
[    86.190] (**) Option "Device" "/dev/input/event0"
[    86.219] (II) event0  - Power Button: is tagged by udev as: Keyboard
[    86.219] (II) event0  - Power Button: device is a keyboard
[    86.219] (II) event0  - Power Button: device removed
[    86.219] (**) Option "config_info" "udev:/sys/devices/LNXSYSTM:00/LNXPWRBN:00/input/input0/event0"
[    86.219] (II) XINPUT: Adding extended input device "Power Button" (type: KEYBOARD, id 6)
[    86.219] (**) Option "xkb_model" "pc105"
[    86.219] (**) Option "xkb_layout" "us"
[    86.220] (II) event0  - Power Button: is tagged by udev as: Keyboard
[    86.220] (II) event0  - Power Button: device is a keyboard
[    86.221] (II) config/udev: Adding input device Sleep Button (/dev/input/event1)
[    86.221] (**) Sleep Button: Applying InputClass "libinput keyboard catchall"
[    86.221] (II) Using input driver 'libinput' for 'Sleep Button'
[    86.226] (II) systemd-logind: got fd for /dev/input/event1 13:65 fd 25 paused 0
[    86.226] (**) Sleep Button: always reports core events
[    86.226] (**) Option "Device" "/dev/input/event1"
[    86.230] (II) event1  - Sleep Button: is tagged by udev as: Keyboard
[    86.230] (II) event1  - Sleep Button: device is a keyboard
[    86.230] (II) event1  - Sleep Button: device removed
[    86.230] (**) Option "config_info" "udev:/sys/devices/LNXSYSTM:00/LNXSLPBN:00/input/input1/event1"
[    86.230] (II) XINPUT: Adding extended input device "Sleep Button" (type: KEYBOARD, id 7)
[    86.230] (**) Option "xkb_model" "pc105"
[    86.230] (**) Option "xkb_layout" "us"
[    86.231] (II) event1  - Sleep Button: is tagged by udev as: Keyboard
[    86.231] (II) event1  - Sleep Button: device is a keyboard
[    86.236] (II) config/udev: Adding input device Video Bus (/dev/input/event3)
[    86.236] (**) Video Bus: Applying InputClass "libinput keyboard catchall"
[    86.236] (II) Using input driver 'libinput' for 'Video Bus'
[    86.238] (II) systemd-logind: got fd for /dev/input/event3 13:67 fd 26 paused 0
[    86.238] (**) Video Bus: always reports core events
[    86.238] (**) Option "Device" "/dev/input/event3"
[    86.239] (II) event3  - Video Bus: is tagged by udev as: Keyboard
[    86.239] (II) event3  - Video Bus: device is a keyboard
[    86.239] (II) event3  - Video Bus: device removed
[    86.242] (**) Option "config_info" "udev:/sys/devices/LNXSYSTM:00/LNXSYBUS:00/PNP0A03:00/LNXVIDEO:00/input/input4/event3"
[    86.242] (II) XINPUT: Adding extended input device "Video Bus" (type: KEYBOARD, id 8)
[    86.242] (**) Option "xkb_model" "pc105"
[    86.242] (**) Option "xkb_layout" "us"
[    86.244] (II) event3  - Video Bus: is tagged by udev as: Keyboard
[    86.244] (II) event3  - Video Bus: device is a keyboard
[    86.246] (II) config/udev: Adding input device VirtualBox mouse integration (/dev/input/event6)
[    86.246] (**) VirtualBox mouse integration: Applying InputClass "libinput pointer catchall"
[    86.246] (II) Using input driver 'libinput' for 'VirtualBox mouse integration'
[    86.247] (II) systemd-logind: got fd for /dev/input/event6 13:70 fd 27 paused 0
[    86.247] (**) VirtualBox mouse integration: always reports core events
[    86.247] (**) Option "Device" "/dev/input/event6"
[    86.255] (II) event6  - VirtualBox mouse integration: is tagged by udev as: Mouse
[    86.255] (II) event6  - VirtualBox mouse integration: device is a pointer
[    86.255] (II) event6  - VirtualBox mouse integration: device removed
[    86.255] (**) Option "config_info" "udev:/sys/devices/pci0000:00/0000:00:04.0/input/input7/event6"
[    86.255] (II) XINPUT: Adding extended input device "VirtualBox mouse integration" (type: MOUSE, id 9)
[    86.255] (**) Option "AccelerationScheme" "none"
[    86.255] (**) VirtualBox mouse integration: (accel) selected scheme none/0
[    86.255] (**) VirtualBox mouse integration: (accel) acceleration factor: 2.000
[    86.255] (**) VirtualBox mouse integration: (accel) acceleration threshold: 4
[    86.259] (II) event6  - VirtualBox mouse integration: is tagged by udev as: Mouse
[    86.259] (II) event6  - VirtualBox mouse integration: device is a pointer
[    86.259] (II) config/udev: Adding input device VirtualBox mouse integration (/dev/input/js1)
[    86.259] (II) No input driver specified, ignoring this device.
[    86.259] (II) This device may have been added with another device file.
[    86.260] (II) config/udev: Adding input device VirtualBox mouse integration (/dev/input/mouse2)
[    86.260] (II) No input driver specified, ignoring this device.
[    86.260] (II) This device may have been added with another device file.
[    86.261] (II) config/udev: Adding input device VirtualBox USB Tablet (/dev/input/event5)
[    86.261] (**) VirtualBox USB Tablet: Applying InputClass "libinput pointer catchall"
[    86.261] (II) Using input driver 'libinput' for 'VirtualBox USB Tablet'
[    86.326] (II) systemd-logind: got fd for /dev/input/event5 13:69 fd 28 paused 0
[    86.326] (**) VirtualBox USB Tablet: always reports core events
[    86.326] (**) Option "Device" "/dev/input/event5"
[    86.332] (II) event5  - VirtualBox USB Tablet: is tagged by udev as: Mouse
[    86.334] (II) event5  - VirtualBox USB Tablet: device is a pointer
[    86.334] (II) event5  - VirtualBox USB Tablet: device removed
[    86.334] (**) Option "config_info" "udev:/sys/devices/pci0000:00/0000:00:06.0/usb1/1-1/1-1:1.0/0003:80EE:0021.0001/input/input6/event5"
[    86.334] (II) XINPUT: Adding extended input device "VirtualBox USB Tablet" (type: MOUSE, id 10)
[    86.335] (**) Option "AccelerationScheme" "none"
[    86.335] (**) VirtualBox USB Tablet: (accel) selected scheme none/0
[    86.335] (**) VirtualBox USB Tablet: (accel) acceleration factor: 2.000
[    86.335] (**) VirtualBox USB Tablet: (accel) acceleration threshold: 4
[    86.338] (II) event5  - VirtualBox USB Tablet: is tagged by udev as: Mouse
[    86.339] (II) event5  - VirtualBox USB Tablet: device is a pointer
[    86.340] (II) config/udev: Adding input device VirtualBox USB Tablet (/dev/input/js0)
[    86.340] (II) No input driver specified, ignoring this device.
[    86.340] (II) This device may have been added with another device file.
[    86.341] (II) config/udev: Adding input device VirtualBox USB Tablet (/dev/input/mouse1)
[    86.341] (II) No input driver specified, ignoring this device.
[    86.341] (II) This device may have been added with another device file.
[    86.341] (II) config/udev: Adding input device AT Translated Set 2 keyboard (/dev/input/event2)
[    86.341] (**) AT Translated Set 2 keyboard: Applying InputClass "libinput keyboard catchall"
[    86.341] (II) Using input driver 'libinput' for 'AT Translated Set 2 keyboard'
[    86.343] (II) systemd-logind: got fd for /dev/input/event2 13:66 fd 29 paused 0
[    86.343] (**) AT Translated Set 2 keyboard: always reports core events
[    86.343] (**) Option "Device" "/dev/input/event2"
[    86.347] (II) event2  - AT Translated Set 2 keyboard: is tagged by udev as: Keyboard
[    86.347] (II) event2  - AT Translated Set 2 keyboard: device is a keyboard
[    86.348] (II) event2  - AT Translated Set 2 keyboard: device removed
[    86.348] (**) Option "config_info" "udev:/sys/devices/platform/i8042/serio0/input/input2/event2"
[    86.348] (II) XINPUT: Adding extended input device "AT Translated Set 2 keyboard" (type: KEYBOARD, id 11)
[    86.348] (**) Option "xkb_model" "pc105"
[    86.348] (**) Option "xkb_layout" "us"
[    86.350] (II) event2  - AT Translated Set 2 keyboard: is tagged by udev as: Keyboard
[    86.350] (II) event2  - AT Translated Set 2 keyboard: device is a keyboard
[    86.351] (II) config/udev: Adding input device ImExPS/2 Generic Explorer Mouse (/dev/input/event4)
[    86.352] (**) ImExPS/2 Generic Explorer Mouse: Applying InputClass "libinput pointer catchall"
[    86.352] (II) Using input driver 'libinput' for 'ImExPS/2 Generic Explorer Mouse'
[    86.359] (II) systemd-logind: got fd for /dev/input/event4 13:68 fd 30 paused 0
[    86.359] (**) ImExPS/2 Generic Explorer Mouse: always reports core events
[    86.359] (**) Option "Device" "/dev/input/event4"
[    86.361] (II) event4  - ImExPS/2 Generic Explorer Mouse: is tagged by udev as: Mouse
[    86.361] (II) event4  - ImExPS/2 Generic Explorer Mouse: device is a pointer
[    86.362] (II) event4  - ImExPS/2 Generic Explorer Mouse: device removed
[    86.362] (II) libinput: ImExPS/2 Generic Explorer Mouse: Step value 0 was provided, libinput Fallback acceleration function is used.
[    86.362] (II) libinput: ImExPS/2 Generic Explorer Mouse: Step value 0 was provided, libinput Fallback acceleration function is used.
[    86.362] (II) libinput: ImExPS/2 Generic Explorer Mouse: Step value 0 was provided, libinput Fallback acceleration function is used.
[    86.362] (**) Option "config_info" "udev:/sys/devices/platform/i8042/serio1/input/input5/event4"
[    86.362] (II) XINPUT: Adding extended input device "ImExPS/2 Generic Explorer Mouse" (type: MOUSE, id 12)
[    86.362] (**) Option "AccelerationScheme" "none"
[    86.362] (**) ImExPS/2 Generic Explorer Mouse: (accel) selected scheme none/0
[    86.362] (**) ImExPS/2 Generic Explorer Mouse: (accel) acceleration factor: 2.000
[    86.362] (**) ImExPS/2 Generic Explorer Mouse: (accel) acceleration threshold: 4
[    86.363] (II) event4  - ImExPS/2 Generic Explorer Mouse: is tagged by udev as: Mouse
[    86.364] (II) event4  - ImExPS/2 Generic Explorer Mouse: device is a pointer
[    86.366] (II) config/udev: Adding input device ImExPS/2 Generic Explorer Mouse (/dev/input/mouse0)
[    86.366] (II) No input driver specified, ignoring this device.
[    86.366] (II) This device may have been added with another device file.
